0 info it worked if it ends with ok
1 verbose cli [ 'C:\\Program Files\\nodejs\\node.exe',
1 verbose cli   'C:\\Program Files\\nodejs\\node_modules\\npm\\bin\\npm-cli.js',
1 verbose cli   'install',
1 verbose cli   'git+https://github.com/taivo/parse-push-plugin.git',
1 verbose cli   '--no-save' ]
2 info using npm@6.9.0
3 info using node@v10.16.0
4 verbose npm-session 83485894e01e78c5
5 silly install loadCurrentTree
6 silly install readLocalPackageData
7 silly fetchPackageMetaData error for git+https://github.com/taivo/parse-push-plugin.git Error while executing:
7 silly fetchPackageMetaData undefined ls-remote -h -t https://github.com/taivo/parse-push-plugin.git
7 silly fetchPackageMetaData
7 silly fetchPackageMetaData
7 silly fetchPackageMetaData spawn git ENOENT
8 timing stage:rollbackFailedOptional Completed in 1ms
9 timing stage:runTopLevelLifecycles Completed in 4118ms
10 verbose stack Error: spawn git ENOENT
10 verbose stack     at Process.ChildProcess._handle.onexit (internal/child_process.js:240:19)
10 verbose stack     at onErrorNT (internal/child_process.js:415:16)
10 verbose stack     at process._tickCallback (internal/process/next_tick.js:63:19)
11 verbose cwd C:\Users\stravopoulos\app\14
12 verbose Windows_NT 10.0.17134
13 verbose argv "C:\\Program Files\\nodejs\\node.exe" "C:\\Program Files\\nodejs\\node_modules\\npm\\bin\\npm-cli.js" "install" "git+https://github.com/taivo/parse-push-plugin.git" "--no-save"
14 verbose node v10.16.0
15 verbose npm  v6.9.0
16 error path git
17 error code ENOENT
18 error errno ENOENT
19 error syscall spawn git
20 error enoent Error while executing:
20 error enoent undefined ls-remote -h -t https://github.com/taivo/parse-push-plugin.git
20 error enoent
20 error enoent
20 error enoent spawn git ENOENT
21 error enoent This is related to npm not being able to find a file.
22 verbose exit [ 1, true ]
